{"uuid":"15396b83-0cd3-48d4-9c99-350ee898d969","historyId":"e93961e2144cf025078d6ef15d4668d","fullName":"ru.gb.tests.main.CheckFailScreenshotTest.CheckFailMainPageScreenshot","labels":[{"name":"package","value":"ru.gb.tests.main.CheckFailScreenshotTest"},{"name":"testClass","value":"ru.gb.tests.main.CheckFailScreenshotTest"},{"name":"testMethod","value":"CheckFailMainPageScreenshot"},{"name":"parentSuite","value":"Testing Mobile App"},{"name":"suite","value":"MainPage"},{"name":"subSuite","value":"ru.gb.tests.main.CheckFailScreenshotTest"},{"name":"host","value":"LAPTOP-S04JL3N3"},{"name":"thread","value":"18008@LAPTOP-S04JL3N3.TestNG-tests-1(15)"},{"name":"framework","value":"testng"},{"name":"language","value":"java"}],"links":[],"name":"CheckFailMainPageScreenshot","status":"failed","statusDetails":{"known":false,"muted":false,"flaky":false,"message":"expected:<MATCH> but was:<MISMATCH>","trace":"java.lang.AssertionError: expected:<MATCH> but was:<MISMATCH>\r\n\tat org.testng.AssertJUnit.fail(AssertJUnit.java:65)\r\n\tat org.testng.AssertJUnit.failNotEquals(AssertJUnit.java:468)\r\n\tat org.testng.AssertJUnit.assertEquals(AssertJUnit.java:88)\r\n\tat org.testng.AssertJUnit.assertEquals(AssertJUnit.java:98)\r\n\tat ru.gb.pages.MainPage.checkFailScreenshot(MainPage.java:69)\r\n\tat ru.gb.tests.main.CheckFailScreenshotTest.CheckFailMainPageScreenshot(CheckFailScreenshotTest.java:16)\r\n\tat sun.reflect.NativeMethodAccessorImpl.invoke0(Native Method)\r\n\tat sun.reflect.NativeMethodAccessorImpl.invoke(NativeMethodAccessorImpl.java:62)\r\n\tat sun.reflect.DelegatingMethodAccessorImpl.invoke(DelegatingMethodAccessorImpl.java:43)\r\n\tat java.lang.reflect.Method.invoke(Method.java:498)\r\n\tat org.testng.internal.MethodInvocationHelper.invokeMethod(MethodInvocationHelper.java:133)\r\n\tat org.testng.internal.TestInvoker.invokeMethod(TestInvoker.java:598)\r\n\tat org.testng.internal.TestInvoker.invokeTestMethod(TestInvoker.java:173)\r\n\tat org.testng.internal.MethodRunner.runInSequence(MethodRunner.java:46)\r\n\tat org.testng.internal.TestInvoker$MethodInvocationAgent.invoke(TestInvoker.java:824)\r\n\tat org.testng.internal.TestInvoker.invokeTestMethods(TestInvoker.java:146)\r\n\tat org.testng.internal.TestMethodWorker.invokeTestMethods(TestMethodWorker.java:146)\r\n\tat org.testng.internal.TestMethodWorker.run(TestMethodWorker.java:128)\r\n\tat java.util.ArrayList.forEach(ArrayList.java:1259)\r\n\tat org.testng.TestRunner.privateRun(TestRunner.java:794)\r\n\tat org.testng.TestRunner.run(TestRunner.java:596)\r\n\tat org.testng.SuiteRunner.runTest(SuiteRunner.java:377)\r\n\tat org.testng.SuiteRunner.access$000(SuiteRunner.java:28)\r\n\tat org.testng.SuiteRunner$SuiteWorker.run(SuiteRunner.java:418)\r\n\tat org.testng.internal.thread.ThreadUtil.lambda$execute$0(ThreadUtil.java:64)\r\n\tat java.util.concurrent.FutureTask.run(FutureTask.java:266)\r\n\tat java.util.concurrent.ThreadPoolExecutor.runWorker(ThreadPoolExecutor.java:1149)\r\n\tat java.util.concurrent.ThreadPoolExecutor$Worker.run(ThreadPoolExecutor.java:624)\r\n\tat java.lang.Thread.run(Thread.java:750)\r\n"},"stage":"finished","description":"Проверяем поведение теста при неудачной проверке UI главной страницы с помощью скриншота.","steps":[{"name":"Делаем проверку падения теста по скриншоту.","status":"failed","statusDetails":{"known":false,"muted":false,"flaky":false,"message":"expected:<MATCH> but was:<MISMATCH>","trace":"java.lang.AssertionError: expected:<MATCH> but was:<MISMATCH>\r\n\tat org.testng.AssertJUnit.fail(AssertJUnit.java:65)\r\n\tat org.testng.AssertJUnit.failNotEquals(AssertJUnit.java:468)\r\n\tat org.testng.AssertJUnit.assertEquals(AssertJUnit.java:88)\r\n\tat org.testng.AssertJUnit.assertEquals(AssertJUnit.java:98)\r\n\tat ru.gb.pages.MainPage.checkFailScreenshot(MainPage.java:69)\r\n\tat ru.gb.tests.main.CheckFailScreenshotTest.CheckFailMainPageScreenshot(CheckFailScreenshotTest.java:16)\r\n\tat sun.reflect.NativeMethodAccessorImpl.invoke0(Native Method)\r\n\tat sun.reflect.NativeMethodAccessorImpl.invoke(NativeMethodAccessorImpl.java:62)\r\n\tat sun.reflect.DelegatingMethodAccessorImpl.invoke(DelegatingMethodAccessorImpl.java:43)\r\n\tat java.lang.reflect.Method.invoke(Method.java:498)\r\n\tat org.testng.internal.MethodInvocationHelper.invokeMethod(MethodInvocationHelper.java:133)\r\n\tat org.testng.internal.TestInvoker.invokeMethod(TestInvoker.java:598)\r\n\tat org.testng.internal.TestInvoker.invokeTestMethod(TestInvoker.java:173)\r\n\tat org.testng.internal.MethodRunner.runInSequence(MethodRunner.java:46)\r\n\tat org.testng.internal.TestInvoker$MethodInvocationAgent.invoke(TestInvoker.java:824)\r\n\tat org.testng.internal.TestInvoker.invokeTestMethods(TestInvoker.java:146)\r\n\tat org.testng.internal.TestMethodWorker.invokeTestMethods(TestMethodWorker.java:146)\r\n\tat org.testng.internal.TestMethodWorker.run(TestMethodWorker.java:128)\r\n\tat java.util.ArrayList.forEach(ArrayList.java:1259)\r\n\tat org.testng.TestRunner.privateRun(TestRunner.java:794)\r\n\tat org.testng.TestRunner.run(TestRunner.java:596)\r\n\tat org.testng.SuiteRunner.runTest(SuiteRunner.java:377)\r\n\tat org.testng.SuiteRunner.access$000(SuiteRunner.java:28)\r\n\tat org.testng.SuiteRunner$SuiteWorker.run(SuiteRunner.java:418)\r\n\tat org.testng.internal.thread.ThreadUtil.lambda$execute$0(ThreadUtil.java:64)\r\n\tat java.util.concurrent.FutureTask.run(FutureTask.java:266)\r\n\tat java.util.concurrent.ThreadPoolExecutor.runWorker(ThreadPoolExecutor.java:1149)\r\n\tat java.util.concurrent.ThreadPoolExecutor$Worker.run(ThreadPoolExecutor.java:624)\r\n\tat java.lang.Thread.run(Thread.java:750)\r\n"},"stage":"finished","steps":[],"attachments":[],"parameters":[],"start":1648298753135,"stop":1648298755680}],"attachments":[{"name":"Page screenshot","source":"59baf49f-5f36-468c-bc13-775acd2cbd88-attachment","type":"image/png"}],"parameters":[],"start":1648298747966,"stop":1648298755684}